c:\users\23563\desktop\pcs\gui\mips_simulator\mips_simulator\x64\debug\mips_simulator.pch
c:\users\23563\desktop\pcs\gui\mips_simulator\mips_simulator\x64\debug\vc143.pdb
c:\users\23563\desktop\pcs\gui\mips_simulator\mips_simulator\x64\debug\vc143.idb
c:\users\23563\desktop\pcs\gui\mips_simulator\mips_simulator\x64\debug\pch.obj
c:\users\23563\desktop\pcs\gui\mips_simulator\mips_simulator\x64\debug\machine_code_execute.obj
c:\users\23563\desktop\pcs\gui\mips_simulator\mips_simulator\x64\debug\invert_asm.obj
c:\users\23563\desktop\pcs\gui\mips_simulator\mips_simulator\x64\debug\data_transform.obj
c:\users\23563\desktop\pcs\gui\mips_simulator\mips_simulator\x64\debug\assembler.obj
c:\users\23563\desktop\pcs\gui\mips_simulator\mips_simulator\x64\debug\mips_simulatordlg.obj
c:\users\23563\desktop\pcs\gui\mips_simulator\mips_simulator\x64\debug\mips_simulator.obj
c:\users\23563\desktop\pcs\mips_simulator\gui\mips_simulator\mips_simulator\x64\debug\mips_simulator.pch
c:\users\23563\desktop\pcs\mips_simulator\gui\mips_simulator\mips_simulator\x64\debug\vc143.pdb
c:\users\23563\desktop\pcs\mips_simulator\gui\mips_simulator\mips_simulator\x64\debug\vc143.idb
c:\users\23563\desktop\pcs\mips_simulator\gui\mips_simulator\mips_simulator\x64\debug\pch.obj
c:\users\23563\desktop\pcs\mips_simulator\gui\mips_simulator\mips_simulator\x64\debug\machine_code_execute.obj
c:\users\23563\desktop\pcs\mips_simulator\gui\mips_simulator\mips_simulator\x64\debug\invert_asm.obj
c:\users\23563\desktop\pcs\mips_simulator\gui\mips_simulator\mips_simulator\x64\debug\data_transform.obj
c:\users\23563\desktop\pcs\mips_simulator\gui\mips_simulator\mips_simulator\x64\debug\assembler.obj
c:\users\23563\desktop\pcs\mips_simulator\gui\mips_simulator\mips_simulator\x64\debug\mips_simulatordlg.obj
c:\users\23563\desktop\pcs\mips_simulator\gui\mips_simulator\mips_simulator\x64\debug\mips_simulator.obj
c:\users\23563\desktop\pcs\gui\mips_simulator\x64\debug\mips_simulator.exe
c:\users\23563\desktop\pcs\gui\mips_simulator\mips_simulator\x64\debug\mips_simulator.ilk
c:\users\23563\desktop\pcs\gui\mips_simulator\x64\debug\mips_simulator.pdb
c:\users\23563\desktop\pcs\mips_simulator\gui\mips_simulator\x64\debug\mips_simulator.exe
c:\users\23563\desktop\pcs\mips_simulator\gui\mips_simulator\mips_simulator\x64\debug\mips_simulator.ilk
c:\users\23563\desktop\pcs\mips_simulator\gui\mips_simulator\x64\debug\mips_simulator.pdb
c:\users\23563\desktop\pcs\gui\mips_simulator\mips_simulator\x64\debug\mipssimulator.res
c:\users\23563\desktop\pcs\mips_simulator\gui\mips_simulator\mips_simulator\x64\debug\mipssimulator.res
c:\users\23563\desktop\pcs\mips_simulator\gui\mips_simulator\mips_simulator\x64\debug\mips_simulator.tlog\cl.command.1.tlog
c:\users\23563\desktop\pcs\mips_simulator\gui\mips_simulator\mips_simulator\x64\debug\mips_simulator.tlog\cl.read.1.tlog
c:\users\23563\desktop\pcs\mips_simulator\gui\mips_simulator\mips_simulator\x64\debug\mips_simulator.tlog\cl.write.1.tlog
c:\users\23563\desktop\pcs\mips_simulator\gui\mips_simulator\mips_simulator\x64\debug\mips_simulator.tlog\link.command.1.tlog
c:\users\23563\desktop\pcs\mips_simulator\gui\mips_simulator\mips_simulator\x64\debug\mips_simulator.tlog\link.read.1.tlog
c:\users\23563\desktop\pcs\mips_simulator\gui\mips_simulator\mips_simulator\x64\debug\mips_simulator.tlog\link.write.1.tlog
c:\users\23563\desktop\pcs\mips_simulator\gui\mips_simulator\mips_simulator\x64\debug\mips_simulator.tlog\rc.command.1.tlog
c:\users\23563\desktop\pcs\mips_simulator\gui\mips_simulator\mips_simulator\x64\debug\mips_simulator.tlog\rc.read.1.tlog
c:\users\23563\desktop\pcs\mips_simulator\gui\mips_simulator\mips_simulator\x64\debug\mips_simulator.tlog\rc.write.1.tlog
